#######################################################
               Component 0 - Fit Step 0
#######################################################

* Parameters:

  Probe Dxx = 1.000000e+09 Hz
  Probe Dyy = 1.000000e+09 Hz
  Probe Dzz = 5.000000e+09 Hz

* Relaxation data:

               field/MHz      theo        exp     diff(%)
  __________________________________________________________

    T1/ms:      400.000    824.931    126.500    552.120
    T2/ms:      400.000    181.907    106.400     70.966
    NOE:        400.000     -0.616      1.860   -133.127
  __________________________________________________________

    T1/ms:      600.000   1155.784    165.500    598.359
    T2/ms:      600.000    171.450    127.700     34.260
    NOE:        600.000     -0.849      1.580   -153.744
  __________________________________________________________

    T1/ms:      900.000   1304.587    219.400    494.616
    T2/ms:      900.000    143.795    151.800     -5.273
    NOE:        900.000     -0.619      1.450   -142.690
  __________________________________________________________


* Chi-square (dof = 1) = 20934.182

Order parameters:

S(2,0) = -0.1845
S(2,2) = -0.8799
Sxx    = -0.4465
Syy    = 0.6311
Szz    = -0.1845


* Elapsed time = 4.6813s

