#######################################################
               Component 0 - Fit Step 0
#######################################################

* Parameters:


* Relaxation data:

               field/MHz      theo        exp     diff(%)
  __________________________________________________________

    T1/ms:      400.000    450.361    126.500    256.016
    T2/ms:      400.000    356.488    106.400    235.045
    NOE:        400.000     -0.818      1.860   -144.001
  __________________________________________________________

    T1/ms:      600.000    507.551    165.500    206.678
    T2/ms:      600.000    345.991    127.700    170.941
    NOE:        600.000     -0.188      1.580   -111.928
  __________________________________________________________

    T1/ms:      900.000    528.029    219.400    140.670
    T2/ms:      900.000    288.257    151.800     89.893
    NOE:        900.000      0.311      1.450    -78.570
  __________________________________________________________


* Chi-square (dof = 1) = 60543.103

* Elapsed time = 0.152s

