#######################################################
               Component 0 - Fit Step 0
#######################################################

* Parameters:


* Relaxation data:

               field/MHz      theo        exp     diff(%)
  __________________________________________________________

    T1/ms:      400.000    100.550    126.500    -20.514
    T2/ms:      400.000     83.652    106.400    -21.380
    NOE:        400.000      1.746      1.860     -6.123
    CCRRT1/Hz:  400.000     -2.989     -0.687    335.110
    CCRRT2/Hz:  400.000     -4.045     -0.542    646.315
  __________________________________________________________

    T1/ms:      600.000    140.318    165.500    -15.216
    T2/ms:      600.000    103.506    127.700    -18.946
    NOE:        600.000      1.502      1.580     -4.936
    CCRRT1/Hz:  600.000     -2.349     -0.630    272.841
    CCRRT2/Hz:  600.000     -3.725     -0.625    495.980
  __________________________________________________________

    T1/ms:      900.000    210.729    219.400     -3.952
    T2/ms:      900.000    125.867    151.800    -17.084
    NOE:        900.000      1.346      1.450     -7.170
    CCRRT1/Hz:  900.000     -1.585     -0.739    114.422
    CCRRT2/Hz:  900.000     -3.343     -0.562    494.789
  __________________________________________________________


* Chi-square (dof = 1) = 1674.683

* Elapsed time = 9.054s

