#######################################################
               Component 0 - Fit Step 0
#######################################################

* Parameters:


* Relaxation data:

               field/MHz      theo        exp     diff(%)
  __________________________________________________________

    T1/ms:      400.000    458.466    126.500    262.424
    T2/ms:      400.000    -65.130    106.400   -161.212
    NOE:        400.000     -0.602      1.860   -132.384
  __________________________________________________________

    T1/ms:      600.000    514.101    165.500    210.635
    T2/ms:      600.000    -54.067    127.700   -142.339
    NOE:        600.000     -0.038      1.580   -102.384
  __________________________________________________________

    T1/ms:      900.000    557.639    219.400    154.165
    T2/ms:      900.000    -39.605    151.800   -126.091
    NOE:        900.000      0.393      1.450    -72.916
  __________________________________________________________


* Chi-square (dof = 1) = 47328.874

* Elapsed time = 172.560s

